<?xml version="1.0" encoding="UTF-8" ?>
<testsuite tests="30" failures="0" name="cucumberOptions.TestRunner" time="0.043" errors="0" skipped="0">
  <properties>
[...]
</properties>
  <testcase classname="Scenario: Home page default login" name="Given user is on netbanking landing Page" time="0.005"/>
  <testcase classname="Scenario: Home page default login" name="When user signup with following details" time="0.001"/>
  <testcase classname="Scenario: Home page default login" name="Then Home page is populated" time="0.001"/>
  <testcase classname="Scenario: Home page default login" name="And Cards &quot;is&quot; displayed" time="0"/>
  <testcase classname="Scenario: Home page default login" name="Scenario: Home page default login" time="0.003"/>
  <testcase classname="Scenario: Home page default login" name="Given user is on netbanking landing Page" time="0"/>
  <testcase classname="Scenario: Home page default login" name="When user login into Application with &quot;sandeep&quot; and &quot;123456&quot;" time="0.001"/>
  <testcase classname="Scenario: Home page default login" name="Then Home page is populated" time="0"/>
  <testcase classname="Scenario: Home page default login" name="And Cards &quot;is&quot; displayed" time="0"/>
  <testcase classname="Scenario: Home page default login" name="Scenario: Home page default login" time="0.004"/>
  <testcase classname="Scenario: Home page default login" name="Given user is on netbanking landing Page" time="0"/>
  <testcase classname="Scenario: Home page default login" name="When user login into Application with &quot;carl&quot; and &quot;test&quot;" time="0"/>
  <testcase classname="Scenario: Home page default login" name="Then Home page is populated" time="0"/>
  <testcase classname="Scenario: Home page default login" name="And Cards &quot;not&quot; displayed" time="0.003"/>
  <testcase classname="Scenario: Home page default login" name="Scenario: Home page default login" time="0.012"/>
  <testcase classname="| user1 | pass1 |" name="Given user is on netbanking landing Page" time="0.001"/>
  <testcase classname="| user1 | pass1 |" name="When user login with user1 and pass1" time="0.001"/>
  <testcase classname="| user1 | pass1 |" name="Then Home page is populated" time="0"/>
  <testcase classname="| user1 | pass1 |" name="And Cards &quot;is&quot; displayed" time="0.001"/>
  <testcase classname="| user1 | pass1 |" name="| user1 | pass1 |" time="0.005"/>
  <testcase classname="| user2 | pass2 |" name="Given user is on netbanking landing Page" time="0"/>
  <testcase classname="| user2 | pass2 |" name="When user login with user2 and pass2" time="0"/>
  <testcase classname="| user2 | pass2 |" name="Then Home page is populated" time="0"/>
  <testcase classname="| user2 | pass2 |" name="And Cards &quot;is&quot; displayed" time="0"/>
  <testcase classname="| user2 | pass2 |" name="| user2 | pass2 |" time="0.004"/>
  <testcase classname="| user3 | pass3 |" name="Given user is on netbanking landing Page" time="0"/>
  <testcase classname="| user3 | pass3 |" name="When user login with user3 and pass3" time="0"/>
  <testcase classname="| user3 | pass3 |" name="Then Home page is populated" time="0"/>
  <testcase classname="| user3 | pass3 |" name="And Cards &quot;is&quot; displayed" time="0"/>
  <testcase classname="| user3 | pass3 |" name="| user3 | pass3 |" time="0.001"/>
</testsuite>